Build started 2014-05-15 8:22:04 PM.
     1>Project "C:\Users\Hubert\Documents\Visual Studio 2013\Projects\Yingge\Yingge\Yingge.vcxproj" on node 2 (Build target(s)).
     1>ClCompile:
         C:\Program Files (x86)\Microsoft Visual Studio 12.0\VC\bin\CL.exe /c /I"C:\SFML\SFML-2.1\include" /ZI /nologo /W3 /WX- /sdl /Od /Oy- /D WIN32 /D _DEBUG /D _CONSOLE /D _LIB /D _UNICODE /D UNICODE /Gm /EHsc /RTC1 /MDd /GS /fp:precise /Zc:wchar_t /Zc:forScope /Fo"Debug\\" /Fd"Debug\vc120.pdb" /Gd /TP /analyze- /errorReport:prompt Main.cpp core\cutscene.cpp core\room.cpp game\sceneManifest.cpp global.cpp
         global.cpp
         Generating Code...
         Compiling...
         Main.cpp
         Generating Code...
         Compiling...
         sceneManifest.cpp
         room.cpp
         cutscene.cpp
         Generating Code...
       Link:
         C:\Program Files (x86)\Microsoft Visual Studio 12.0\VC\bin\link.exe /ERRORREPORT:PROMPT /OUT:"C:\Users\Hubert\Documents\Visual Studio 2013\Projects\Yingge\Debug\Yingge.exe" /INCREMENTAL /NOLOGO /LIBPATH:"C:\SFML\SFML-2.1\Libs\Debug" "sfml-graphics-d.lib" "sfml-window-d.lib" "sfml-system-d.lib" kernel32.lib user32.lib gdi32.lib winspool.lib comdlg32.lib advapi32.lib shell32.lib ole32.lib oleaut32.lib uuid.lib odbc32.lib odbccp32.lib "sfml-audio-d.lib" /MANIFEST /MANIFESTUAC:"level='asInvoker' uiAccess='false'" /manifest:embed /DEBUG /PDB:"C:\Users\Hubert\Documents\Visual Studio 2013\Projects\Yingge\Debug\Yingge.pdb" /SUBSYSTEM:CONSOLE /TLBID:1 /DYNAMICBASE /NXCOMPAT /IMPLIB:"C:\Users\Hubert\Documents\Visual Studio 2013\Projects\Yingge\Debug\Yingge.lib" /MACHINE:X86 Debug\clickable.obj
         Debug\cutscene.obj
         Debug\entity.obj
         Debug\entitymanager.obj
         Debug\io.obj
         Debug\room.obj
         Debug\scenemanager.obj
         Debug\sceneManifest.obj
         Debug\global.obj
         Debug\Main.obj
         Yingge.vcxproj -> C:\Users\Hubert\Documents\Visual Studio 2013\Projects\Yingge\Debug\Yingge.exe
     1>Done Building Project "C:\Users\Hubert\Documents\Visual Studio 2013\Projects\Yingge\Yingge\Yingge.vcxproj" (Build target(s)).

Build succeeded.

Time Elapsed 00:00:07.35
