c:\users\hubert\documents\visual studio 2013\projects\yingge\yingge\debug\vc120.pdb
c:\users\hubert\documents\visual studio 2013\projects\yingge\yingge\debug\vc120.idb
c:\users\hubert\documents\visual studio 2013\projects\yingge\yingge\debug\clickable.obj
c:\users\hubert\documents\visual studio 2013\projects\yingge\yingge\debug\entitymanager.obj
c:\users\hubert\documents\visual studio 2013\projects\yingge\yingge\debug\scenemanager.obj
c:\users\hubert\documents\visual studio 2013\projects\yingge\yingge\debug\session.obj
c:\users\hubert\documents\visual studio 2013\projects\yingge\yingge\debug\global.obj
c:\users\hubert\documents\visual studio 2013\projects\yingge\yingge\debug\main.obj
c:\users\hubert\documents\visual studio 2013\projects\yingge\yingge\debug\cutscene.obj
c:\users\hubert\documents\visual studio 2013\projects\yingge\yingge\debug\entity.obj
c:\users\hubert\documents\visual studio 2013\projects\yingge\yingge\debug\menu.obj
c:\users\hubert\documents\visual studio 2013\projects\yingge\yingge\debug\room.obj
c:\users\hubert\documents\visual studio 2013\projects\yingge\debug\yingge.ilk
c:\users\hubert\documents\visual studio 2013\projects\yingge\debug\yingge.exe
c:\users\hubert\documents\visual studio 2013\projects\yingge\debug\yingge.pdb
c:\users\hubert\documents\visual studio 2013\projects\yingge\yingge\debug\yingge.tlog\cl.command.1.tlog
c:\users\hubert\documents\visual studio 2013\projects\yingge\yingge\debug\yingge.tlog\cl.read.1.tlog
c:\users\hubert\documents\visual studio 2013\projects\yingge\yingge\debug\yingge.tlog\cl.write.1.tlog
c:\users\hubert\documents\visual studio 2013\projects\yingge\yingge\debug\yingge.tlog\link.command.1.tlog
c:\users\hubert\documents\visual studio 2013\projects\yingge\yingge\debug\yingge.tlog\link.read.1.tlog
c:\users\hubert\documents\visual studio 2013\projects\yingge\yingge\debug\yingge.tlog\link.write.1.tlog
